# JRE version: Java(TM) SE Runtime Environment (8.0_20-b26) (build 1.8.0_20-b26)
# Java VM: Java HotSpot(TM) 64-Bit Server VM (25.20-b23 mixed mode windows-amd64 compressed oops)
Heap:
 PSYoungGen      total 396800K, used 27212K [0x00000000e0000000, 0x0000000100000000, 0x0000000100000000)
  eden space 374784K, 7% used [0x00000000e0000000,0x00000000e1a930f0,0x00000000f6e00000)
  from space 22016K, 0% used [0x00000000f6e00000,0x00000000f6e00000,0x00000000f8380000)
  to   space 27648K, 0% used [0x00000000fe500000,0x00000000fe500000,0x0000000100000000)
 ParOldGen       total 157184K, used 41862K [0x00000000a0000000, 0x00000000a9980000, 0x00000000e0000000)
  object space 157184K, 26% used [0x00000000a0000000,0x00000000a28e1be0,0x00000000a9980000)
 Metaspace       used 57426K, capacity 59440K, committed 59608K, reserved 1099776K
  class space    used 7923K, capacity 8364K, committed 8448K, reserved 1048576K
GC Heap History (10 events):
Event: 15.156 GC heap before
{Heap before GC invocations=8 (full 2):
 PSYoungGen      total 238080K, used 7924K [0x00000000e0000000, 0x00000000f0180000, 0x0000000100000000)
  eden space 223744K, 0% used [0x00000000e0000000,0x00000000e0000000,0x00000000eda80000)
  from space 14336K, 55% used [0x00000000ee800000,0x00000000eefbd0d0,0x00000000ef600000)
  to   space 13824K, 0% used [0x00000000eda80000,0x00000000eda80000,0x00000000ee800000)
 ParOldGen       total 81920K, used 9219K [0x00000000a0000000, 0x00000000a5000000, 0x00000000e0000000)
  object space 81920K, 11% used [0x00000000a0000000,0x00000000a0900d10,0x00000000a5000000)
 Metaspace       used 34394K, capacity 35176K, committed 35416K, reserved 1079296K
  class space    used 4723K, capacity 4979K, committed 4992K, reserved 1048576K
Event: 15.224 GC heap after
Heap after GC invocations=8 (full 2):
 PSYoungGen      total 238080K, used 0K [0x00000000e0000000, 0x00000000f0180000, 0x0000000100000000)
  eden space 223744K, 0% used [0x00000000e0000000,0x00000000e0000000,0x00000000eda80000)
  from space 14336K, 0% used [0x00000000ee800000,0x00000000ee800000,0x00000000ef600000)
  to   space 13824K, 0% used [0x00000000eda80000,0x00000000eda80000,0x00000000ee800000)
 ParOldGen       total 107520K, used 14401K [0x00000000a0000000, 0x00000000a6900000, 0x00000000e0000000)
  object space 107520K, 13% used [0x00000000a0000000,0x00000000a0e10480,0x00000000a6900000)
 Metaspace       used 34342K, capacity 35044K, committed 35416K, reserved 1079296K
  class space    used 4709K, capacity 4935K, committed 4992K, reserved 1048576K
}
Event: 26.635 GC heap before
{Heap before GC invocations=9 (full 2):
 PSYoungGen      total 238080K, used 223744K [0x00000000e0000000, 0x00000000f0180000, 0x0000000100000000)
  eden space 223744K, 100% used [0x00000000e0000000,0x00000000eda80000,0x00000000eda80000)
  from space 14336K, 0% used [0x00000000ee800000,0x00000000ee800000,0x00000000ef600000)
  to   space 13824K, 0% used [0x00000000eda80000,0x00000000eda80000,0x00000000ee800000)
 ParOldGen       total 107520K, used 14401K [0x00000000a0000000, 0x00000000a6900000, 0x00000000e0000000)
  object space 107520K, 13% used [0x00000000a0000000,0x00000000a0e10480,0x00000000a6900000)
 Metaspace       used 49717K, capacity 50872K, committed 51160K, reserved 1093632K
  class space    used 6745K, capacity 7130K, committed 7168K, reserved 1048576K
Event: 26.649 GC heap after
Heap after GC invocations=9 (full 2):
 PSYoungGen      total 237568K, used 13796K [0x00000000e0000000, 0x00000000f9900000, 0x0000000100000000)
  eden space 223744K, 0% used [0x00000000e0000000,0x00000000e0000000,0x00000000eda80000)
  from space 13824K, 99% used [0x00000000eda80000,0x00000000ee7f9130,0x00000000ee800000)
  to   space 18432K, 0% used [0x00000000f8700000,0x00000000f8700000,0x00000000f9900000)
 ParOldGen       total 107520K, used 19942K [0x00000000a0000000, 0x00000000a6900000, 0x00000000e0000000)
  object space 107520K, 18% used [0x00000000a0000000,0x00000000a13799a0,0x00000000a6900000)
 Metaspace       used 49717K, capacity 50872K, committed 51160K, reserved 1093632K
  class space    used 6745K, capacity 7130K, committed 7168K, reserved 1048576K
}
Event: 32.735 GC heap before
{Heap before GC invocations=10 (full 2):
 PSYoungGen      total 237568K, used 237540K [0x00000000e0000000, 0x00000000f9900000, 0x0000000100000000)
  eden space 223744K, 100% used [0x00000000e0000000,0x00000000eda80000,0x00000000eda80000)
  from space 13824K, 99% used [0x00000000eda80000,0x00000000ee7f9130,0x00000000ee800000)
  to   space 18432K, 0% used [0x00000000f8700000,0x00000000f8700000,0x00000000f9900000)
 ParOldGen       total 107520K, used 19942K [0x00000000a0000000, 0x00000000a6900000, 0x00000000e0000000)
  object space 107520K, 18% used [0x00000000a0000000,0x00000000a13799a0,0x00000000a6900000)
 Metaspace       used 54244K, capacity 55894K, committed 56024K, reserved 1097728K
  class space    used 7373K, capacity 7811K, committed 7936K, reserved 1048576K
Event: 32.750 GC heap after
Heap after GC invocations=10 (full 2):
 PSYoungGen      total 388608K, used 18426K [0x00000000e0000000, 0x00000000f9900000, 0x0000000100000000)
  eden space 370176K, 0% used [0x00000000e0000000,0x00000000e0000000,0x00000000f6980000)
  from space 18432K, 99% used [0x00000000f8700000,0x00000000f98fea78,0x00000000f9900000)
  to   space 22016K, 0% used [0x00000000f6e00000,0x00000000f6e00000,0x00000000f8380000)
 ParOldGen       total 107520K, used 23279K [0x00000000a0000000, 0x00000000a6900000, 0x00000000e0000000)
  object space 107520K, 21% used [0x00000000a0000000,0x00000000a16bbda8,0x00000000a6900000)
 Metaspace       used 54244K, capacity 55894K, committed 56024K, reserved 1097728K
  class space    used 7373K, capacity 7811K, committed 7936K, reserved 1048576K
}
Event: 33.755 GC heap before
{Heap before GC invocations=11 (full 2):
 PSYoungGen      total 388608K, used 165248K [0x00000000e0000000, 0x00000000f9900000, 0x0000000100000000)
  eden space 370176K, 39% used [0x00000000e0000000,0x00000000e8f615d0,0x00000000f6980000)
  from space 18432K, 99% used [0x00000000f8700000,0x00000000f98fea78,0x00000000f9900000)
  to   space 22016K, 0% used [0x00000000f6e00000,0x00000000f6e00000,0x00000000f8380000)
 ParOldGen       total 107520K, used 23279K [0x00000000a0000000, 0x00000000a6900000, 0x00000000e0000000)
  object space 107520K, 21% used [0x00000000a0000000,0x00000000a16bbda8,0x00000000a6900000)
 Metaspace       used 57043K, capacity 58930K, committed 58968K, reserved 1099776K
  class space    used 7839K, capacity 8284K, committed 8320K, reserved 1048576K
Event: 33.790 GC heap after
Heap after GC invocations=11 (full 2):
 PSYoungGen      total 396800K, used 22006K [0x00000000e0000000, 0x0000000100000000, 0x0000000100000000)
  eden space 374784K, 0% used [0x00000000e0000000,0x00000000e0000000,0x00000000f6e00000)
  from space 22016K, 99% used [0x00000000f6e00000,0x00000000f837d9d0,0x00000000f8380000)
  to   space 27648K, 0% used [0x00000000fe500000,0x00000000fe500000,0x0000000100000000)
 ParOldGen       total 107520K, used 29401K [0x00000000a0000000, 0x00000000a6900000, 0x00000000e0000000)
  object space 107520K, 27% used [0x00000000a0000000,0x00000000a1cb67a8,0x00000000a6900000)
 Metaspace       used 57043K, capacity 58930K, committed 58968K, reserved 1099776K
  class space    used 7839K, capacity 8284K, committed 8320K, reserved 1048576K
}
Event: 33.790 GC heap before
{Heap before GC invocations=12 (full 3):
 PSYoungGen      total 396800K, used 22006K [0x00000000e0000000, 0x0000000100000000, 0x0000000100000000)
  eden space 374784K, 0% used [0x00000000e0000000,0x00000000e0000000,0x00000000f6e00000)
  from space 22016K, 99% used [0x00000000f6e00000,0x00000000f837d9d0,0x00000000f8380000)
  to   space 27648K, 0% used [0x00000000fe500000,0x00000000fe500000,0x0000000100000000)
 ParOldGen       total 107520K, used 29401K [0x00000000a0000000, 0x00000000a6900000, 0x00000000e0000000)
  object space 107520K, 27% used [0x00000000a0000000,0x00000000a1cb67a8,0x00000000a6900000)
 Metaspace       used 57043K, capacity 58930K, committed 58968K, reserved 1099776K
  class space    used 7839K, capacity 8284K, committed 8320K, reserved 1048576K
Event: 34.020 GC heap after
Heap after GC invocations=12 (full 3):
 PSYoungGen      total 396800K, used 0K [0x00000000e0000000, 0x0000000100000000, 0x0000000100000000)
  eden space 374784K, 0% used [0x00000000e0000000,0x00000000e0000000,0x00000000f6e00000)
  from space 22016K, 0% used [0x00000000f6e00000,0x00000000f6e00000,0x00000000f8380000)
  to   space 27648K, 0% used [0x00000000fe500000,0x00000000fe500000,0x0000000100000000)
 ParOldGen       total 157184K, used 41862K [0x00000000a0000000, 0x00000000a9980000, 0x00000000e0000000)
  object space 157184K, 26% used [0x00000000a0000000,0x00000000a28e1be0,0x00000000a9980000)
 Metaspace       used 57043K, capacity 58930K, committed 58968K, reserved 1099776K
  class space    used 7839K, capacity 8284K, committed 8320K, reserved 1048576K
}

